<?xml version="1.0" encoding="UTF-8"?>
<testsuite xmlns:xsi="http://www.w3.org/2001/XMLSchema-instance" xsi:noNamespaceSchemaLocation="https://maven.apache.org/surefire/maven-surefire-plugin/xsd/surefire-test-report-3.0.xsd" version="3.0" name="TestSuite" time="52.961" tests="2" errors="0" skipped="0" failures="2">
  <properties>
[...]
</properties>
  <testcase name="signupTest" classname="tests.SignUpTest" time="12.143">
    <failure message="Cannot invoke &quot;String.trim()&quot; because the return value of &quot;org.openqa.selenium.WebElement.getAttribute(String)&quot; is null" type="java.lang.NullPointerException"><![CDATA[java.lang.NullPointerException: Cannot invoke "String.trim()" because the return value of "org.openqa.selenium.WebElement.getAttribute(String)" is null
	at tests.SignUpTest.signupTest(SignUpTest.java:39)
]]></failure>
    <system-out><![CDATA[
################################################################################################################################################
Detected SHAFT Engine Version: [SHAFT Engine v5.2.20210427]
################################################################################################################################################

################################################################################################################################################
Starting Execution of a Configuration (Setup or Teardown) Method
Test Method:		[tests.SignUpTest.beforeClass]
################################################################################################################################################
[ReportManager] Attempting to run locally on: [Windows-64], [GoogleChrome]. @08-06-2021 12:02:32.0827 PM
[ReportManager] Identifying OS/Driver combination and selecting the correct driver version automatically. Please note that if a new driver executable will be downloaded it may take some time... @08-06-2021 12:02:32.0833 PM
[ReportManager] Successfully Opened Google Chrome. @08-06-2021 12:02:35.0593 PM
[ReportManager] Browser Action [navigateToURL] successfully performed. With the following test data [https://phptravels.net/home]. @08-06-2021 12:02:43.0887 PM
[ReportManager] Successfully created attachment [Video Recording - beforeClass] @08-06-2021 12:02:48.0248 PM
[ReportManager] Successfully created attachment [Animated Gif - beforeClass] @08-06-2021 12:02:48.0250 PM
[ReportManager] Successfully created attachment [SHAFT Engine Logs - Current Method log: beforeClass] @08-06-2021 12:02:48.0251 PM

################################################################################################################################################
Starting Execution:	[1 out of 2] test cases in the current suite
Test Method:		[tests.SignUpTest.signupTest]
################################################################################################################################################
[ReportManager] Element Action [click] successfully performed. @08-06-2021 12:02:51.0848 PM
[ReportManager] Element Action [click] successfully performed. @08-06-2021 12:02:54.0914 PM
[ReportManager] Successfully created attachment [Video Recording - signupTest] @08-06-2021 12:03:00.0703 PM
[ReportManager] Successfully created attachment [Animated Gif - signupTest] @08-06-2021 12:03:00.0731 PM
[ReportManager] Successfully created attachment [SHAFT Engine Logs - Current Method log: signupTest] @08-06-2021 12:03:00.0732 PM
]]></system-out>
    <system-err><![CDATA[[main] INFO com.shaft.tools.io.ReportManagerHelper - [ReportManager] Reading properties directory: src/test/resources/Properties @08-06-2021 12:02:30.0758 PM
[main] INFO com.shaft.tools.io.ReportManagerHelper - [ReportManager] File Action [doesFileExist] successfully performed. With the following test data [File Path: "src/test/resources/Properties"]. @08-06-2021 12:02:30.0776 PM
[main] INFO com.shaft.tools.io.ReportManagerHelper - [ReportManager] Loading properties file: src\test\resources\Properties\cucumber.properties @08-06-2021 12:02:30.0809 PM
[main] INFO com.shaft.tools.io.ReportManagerHelper - [ReportManager] Loading properties file: src\test\resources\Properties\ExecutionPlatform.properties @08-06-2021 12:02:30.0810 PM
[main] INFO com.shaft.tools.io.ReportManagerHelper - [ReportManager] Loading properties file: src\test\resources\Properties\internal.properties @08-06-2021 12:02:30.0811 PM
[main] INFO com.shaft.tools.io.ReportManagerHelper - [ReportManager] Loading properties file: src\test\resources\Properties\MobileCapabilities.properties @08-06-2021 12:02:30.0812 PM
[main] INFO com.shaft.tools.io.ReportManagerHelper - [ReportManager] Loading properties file: src\test\resources\Properties\path.properties @08-06-2021 12:02:30.0813 PM
[main] INFO com.shaft.tools.io.ReportManagerHelper - [ReportManager] Loading properties file: src\test\resources\Properties\pattern.properties @08-06-2021 12:02:30.0814 PM
[main] INFO com.shaft.tools.io.ReportManagerHelper - [ReportManager] Loading properties file: src\test\resources\Properties\PlatformFlags.properties @08-06-2021 12:02:30.0815 PM
[main] INFO com.shaft.tools.io.ReportManagerHelper - [ReportManager] Loading properties file: src\test\resources\Properties\Reporting.properties @08-06-2021 12:02:30.0816 PM
[main] INFO com.shaft.tools.io.ReportManagerHelper - [ReportManager] Loading properties file: src\test\resources\Properties\testNG.properties @08-06-2021 12:02:30.0816 PM
[main] INFO com.shaft.tools.io.ReportManagerHelper - [ReportManager] Loading properties file: src\test\resources\Properties\Timeouts.properties @08-06-2021 12:02:30.0817 PM
[main] INFO com.shaft.tools.io.ReportManagerHelper - [ReportManager] Loading properties file: src\test\resources\Properties\video.properties @08-06-2021 12:02:30.0817 PM
[main] INFO com.shaft.tools.io.ReportManagerHelper - [ReportManager] Loading properties file: src\test\resources\Properties\VisualValidations.properties @08-06-2021 12:02:30.0818 PM
[main] INFO com.shaft.tools.io.ReportManagerHelper - [ReportManager] Reading properties directory: file:/C:/Users/Gawish/.m2/repository/io/github/mohabmohie/SHAFT_ENGINE/5.2.20210428/SHAFT_ENGINE-5.2.20210428.jar!/resources/defaultProperties/ @08-06-2021 12:02:30.0819 PM
[main] INFO com.shaft.tools.io.ReportManagerHelper - [ReportManager] File Action [unpackArchive] successfully performed. With the following test data [Target File"C:\Users\Gawish\eclipse-workspace\Shaft_Engine_Practice\target\arc2992744319994792493.zip" | Destination Folder: "target"]. @08-06-2021 12:02:30.0937 PM
[main] INFO com.shaft.tools.io.ReportManagerHelper - [ReportManager] File Action [deleteFile] successfully performed. With the following test data [Target File Path: "C:\Users\Gawish\eclipse-workspace\Shaft_Engine_Practice\target\arc2992744319994792493.zip"]. @08-06-2021 12:02:30.0939 PM
[main] INFO com.shaft.tools.io.ReportManagerHelper - [ReportManager] File Action [unpackArchive] successfully performed. With the following test data [Target URL"file:/C:/Users/Gawish/.m2/repository/io/github/mohabmohie/SHAFT_ENGINE/5.2.20210428/SHAFT_ENGINE-5.2.20210428.jar" | Destination Folder: "target/"]. @08-06-2021 12:02:30.0940 PM
[main] INFO com.shaft.tools.io.ReportManagerHelper - [ReportManager] File Action [doesFileExist] successfully performed. With the following test data [File Path: "target/resources/defaultProperties/"]. @08-06-2021 12:02:30.0941 PM
[main] INFO com.shaft.tools.io.ReportManagerHelper - [ReportManager] Loading properties file: target\resources\defaultProperties\cucumber.properties @08-06-2021 12:02:30.0942 PM
[main] INFO com.shaft.tools.io.ReportManagerHelper - [ReportManager] Loading properties file: target\resources\defaultProperties\ExecutionPlatform.properties @08-06-2021 12:02:30.0944 PM
[main] INFO com.shaft.tools.io.ReportManagerHelper - [ReportManager] Loading properties file: target\resources\defaultProperties\internal.properties @08-06-2021 12:02:30.0945 PM
[main] INFO com.shaft.tools.io.ReportManagerHelper - [ReportManager] Loading properties file: target\resources\defaultProperties\MobileCapabilities.properties @08-06-2021 12:02:30.0946 PM
[main] INFO com.shaft.tools.io.ReportManagerHelper - [ReportManager] Loading properties file: target\resources\defaultProperties\path.properties @08-06-2021 12:02:30.0947 PM
[main] INFO com.shaft.tools.io.ReportManagerHelper - [ReportManager] Loading properties file: target\resources\defaultProperties\pattern.properties @08-06-2021 12:02:30.0948 PM
[main] INFO com.shaft.tools.io.ReportManagerHelper - [ReportManager] Loading properties file: target\resources\defaultProperties\PlatformFlags.properties @08-06-2021 12:02:30.0949 PM
[main] INFO com.shaft.tools.io.ReportManagerHelper - [ReportManager] Loading properties file: target\resources\defaultProperties\Reporting.properties @08-06-2021 12:02:30.0950 PM
[main] INFO com.shaft.tools.io.ReportManagerHelper - [ReportManager] Loading properties file: target\resources\defaultProperties\testNG.properties @08-06-2021 12:02:30.0951 PM
[main] INFO com.shaft.tools.io.ReportManagerHelper - [ReportManager] Loading properties file: target\resources\defaultProperties\Timeouts.properties @08-06-2021 12:02:30.0951 PM
[main] INFO com.shaft.tools.io.ReportManagerHelper - [ReportManager] Loading properties file: target\resources\defaultProperties\video.properties @08-06-2021 12:02:30.0952 PM
[main] INFO com.shaft.tools.io.ReportManagerHelper - [ReportManager] Loading properties file: target\resources\defaultProperties\VisualValidations.properties @08-06-2021 12:02:30.0953 PM
[main] INFO com.shaft.tools.io.ReportManagerHelper - [ReportManager] File Action [doesFileExist] successfully performed. With the following test data [File Path: "src/test/resources/Properties/ExecutionPlatform.properties"]. @08-06-2021 12:02:31.0254 PM
[main] INFO com.shaft.tools.io.ReportManagerHelper - [ReportManager] File Action [deleteFolder] successfully performed. With the following test data [Target Folder: "extent-reports"]. @08-06-2021 12:02:31.0277 PM
[main] INFO com.shaft.tools.io.ReportManagerHelper - [ReportManager] Preparing Allure Reporting Environment... @08-06-2021 12:02:32.0419 PM
[main] INFO com.shaft.tools.io.ReportManagerHelper - [ReportManager] File Action [deleteFolder] successfully performed. With the following test data [Target Folder: "allure-results"]. @08-06-2021 12:02:32.0427 PM
[main] INFO com.shaft.tools.io.ReportManagerHelper - [ReportManager] File Action [doesFileExist] successfully performed. With the following test data [File Path: "C:\Users\Gawish\.m2\repository\allure\allure-2.13.9\bin\allure"]. @08-06-2021 12:02:32.0434 PM
[main] INFO com.shaft.tools.io.ReportManagerHelper - [ReportManager] File Action [getAbsolutePath] successfully performed. With the following test data [Relative File Path: "generate_allure_report.bat"]. @08-06-2021 12:02:32.0435 PM
[main] INFO com.shaft.tools.io.ReportManagerHelper - [ReportManager] File Action [writeToFile] successfully performed. With the following test data [Target File Path: "C:\Users\Gawish\eclipse-workspace\Shaft_Engine_Practice\generate_allure_report.bat"]. @08-06-2021 12:02:32.0441 PM
[main] INFO com.shaft.tools.io.ReportManagerHelper - [ReportManager] File Action [getAbsolutePath] successfully performed. With the following test data [Relative File Path: "allure-results/environment.xml"]. @08-06-2021 12:02:32.0601 PM
[main] INFO com.shaft.tools.io.ReportManagerHelper - [ReportManager] File Action [writeToFile] successfully performed. With the following test data [Target File Path: "C:\Users\Gawish\eclipse-workspace\Shaft_Engine_Practice\allure-results\environment.xml"]. @08-06-2021 12:02:32.0612 PM
[main] INFO com.shaft.tools.io.ReportManagerHelper - [ReportManager] File Action [getAbsolutePath] successfully performed. With the following test data [Relative Folder Path: "target/downloadedFiles/"]. @08-06-2021 12:02:32.0716 PM
[main] INFO io.github.bonigarcia.wdm.WebDriverManager - Using chromedriver 91.0.4472.19 (resolved driver for Chrome 91)
[main] INFO io.github.bonigarcia.wdm.WebDriverManager - Exporting webdriver.chrome.driver as C:\Users\Gawish\.cache\selenium\chromedriver\win32\91.0.4472.19\chromedriver.exe
Starting ChromeDriver 91.0.4472.19 (1bf021f248676a0b2ab3ee0561d83a59e424c23e-refs/branch-heads/4472@{#288}) on port 14242
Only local connections are allowed.
Please see https://chromedriver.chromium.org/security-considerations for suggestions on keeping ChromeDriver safe.
ChromeDriver was started successfully.
[1623146554.899][WARNING]: Ignoring unrecognized log type: client
[1623146554.899][WARNING]: Ignoring unrecognized log type: profiler
[1623146554.899][WARNING]: Ignoring unrecognized log type: server
Jun 08, 2021 12:02:35 PM org.openqa.selenium.remote.ProtocolHandshake createSession
INFO: Detected dialect: OSS
[main] INFO com.shaft.tools.io.ReportManagerHelper - [ReportManager] Target URL: [https://phptravels.net/home] @08-06-2021 12:02:35.0620 PM
[main] INFO com.shaft.tools.io.ReportManagerHelper - [ReportManager] Initial URL: [data:,] @08-06-2021 12:02:35.0676 PM
[main] INFO com.automation.remarks.video.recorder.monte.MonteRecorder - Recording started
[main] INFO com.shaft.tools.io.ReportManagerHelper - [ReportManager] File Action [createFile] successfully performed. With the following test data [Target Folder: "allure-results//screenshots/20210608-120231", Target File: "\1623146562799_beforeClass.gif"]. @08-06-2021 12:02:43.0409 PM
[main] INFO com.automation.remarks.video.recorder.monte.MonteRecorder - Recording finished to C:\Users\Gawish\eclipse-workspace\Shaft_Engine_Practice\allure-results\videos\1623146563889_beforeClass_recording_2021_08_06_12_02_43.avi
[main] INFO com.automation.remarks.video.RecordingUtils - No jenkinsUrl variable found.
[main] INFO com.automation.remarks.video.RecordingUtils - Video recording: C:\Users\Gawish\eclipse-workspace\Shaft_Engine_Practice\allure-results\videos\1623146563889_beforeClass_recording_2021_08_06_12_02_43.avi
[main] INFO ws.schild.jave.ConversionOutputAnalyzer - Unhandled message in step: 2 Line: 7 message: <[libx264 @ 000001a1943eddc0] using cpu capabilities: MMX2 SSE2Fast SSSE3 SSE4.2 AVX FMA3 BMI2 AVX2 AVX512>
[main] INFO ws.schild.jave.ConversionOutputAnalyzer - Unhandled message in step: 2 Line: 8 message: <[libx264 @ 000001a1943eddc0] profile High 4:4:4 Predictive, level 4.0, 4:4:4, 8-bit>
[main] INFO ws.schild.jave.ConversionOutputAnalyzer - Unhandled message in step: 2 Line: 9 message: <[libx264 @ 000001a1943eddc0] 264 - core 159 - H.264/MPEG-4 AVC codec - Copyleft 2003-2019 - http://www.videolan.org/x264.html - options: cabac=1 ref=3 deblock=1:0:0 analyse=0x3:0x113 me=hex subme=7 psy=1 psy_rd=1.00:0.00 mixed_ref=1 me_range=16 chroma_me=1 trellis=1 8x8dct=1 cqm=0 deadzone=21,11 fast_pskip=1 chroma_qp_offset=4 threads=12 lookahead_threads=2 sliced_threads=0 nr=0 decimate=1 interlaced=0 bluray_compat=0 constrained_intra=0 bframes=3 b_pyramid=2 b_adapt=1 b_bias=0 direct=1 weightb=1 open_gop=0 weightp=2 keyint=250 keyint_min=25 scenecut=40 intra_refresh=0 rc_lookahead=40 rc=crf mbtree=1 crf=23.0 qcomp=0.60 qpmin=0 qpmax=69 qpstep=4 ip_ratio=1.40 aq=1:1.00>
[main] INFO ws.schild.jave.ConversionOutputAnalyzer - Unhandled message in step: 3 Line: 22 message: <[mp4 @ 000001a1943ec900] Starting second pass: moving the moov atom to the beginning of the file>
[main] INFO com.automation.remarks.video.recorder.monte.MonteRecorder - Recording started
[main] INFO com.shaft.tools.io.ReportManagerHelper - [ReportManager] java.lang.NullPointerException:
Cannot invoke "String.trim()" because the return value of "org.openqa.selenium.WebElement.getAttribute(String)" is null
com.shaft.gui.element.ElementActions.determineSuccessfulTextLocationStrategy(ElementActions.java:1479)
com.shaft.gui.element.ElementActions.click(ElementActions.java:137)
pages.HomePage.navigateToSignUpPage(HomePage.java:28)
tests.SignUpTest.signupTest(SignUpTest.java:37)
java.base/jdk.internal.reflect.NativeMethodAccessorImpl.invoke0(Native Method)
java.base/jdk.internal.reflect.NativeMethodAccessorImpl.invoke(NativeMethodAccessorImpl.java:64)
java.base/jdk.internal.reflect.DelegatingMethodAccessorImpl.invoke(DelegatingMethodAccessorImpl.java:43)
java.base/java.lang.reflect.Method.invoke(Method.java:564)
org.testng.internal.MethodInvocationHelper.invokeMethod(MethodInvocationHelper.java:133)
org.testng.internal.TestInvoker.invokeMethod(TestInvoker.java:598)
org.testng.internal.TestInvoker.invokeTestMethod(TestInvoker.java:173)
org.testng.internal.MethodRunner.runInSequence(MethodRunner.java:46)
org.testng.internal.TestInvoker$MethodInvocationAgent.invoke(TestInvoker.java:824)
org.testng.internal.TestInvoker.invokeTestMethods(TestInvoker.java:146)
org.testng.internal.TestMethodWorker.invokeTestMethods(TestMethodWorker.java:146)
org.testng.internal.TestMethodWorker.run(TestMethodWorker.java:128)
java.base/java.util.ArrayList.forEach(ArrayList.java:1511)
org.testng.TestRunner.privateRun(TestRunner.java:794)
org.testng.TestRunner.run(TestRunner.java:596)
org.testng.SuiteRunner.runTest(SuiteRunner.java:377)
org.testng.SuiteRunner.runSequentially(SuiteRunner.java:371)
org.testng.SuiteRunner.privateRun(SuiteRunner.java:332)
org.testng.SuiteRunner.run(SuiteRunner.java:276)
org.testng.SuiteRunnerWorker.runSuite(SuiteRunnerWorker.java:53)
org.testng.SuiteRunnerWorker.run(SuiteRunnerWorker.java:96)
org.testng.TestNG.runSuitesSequentially(TestNG.java:1212)
org.testng.TestNG.runSuitesLocally(TestNG.java:1134)
org.testng.TestNG.runSuites(TestNG.java:1063)
org.testng.TestNG.run(TestNG.java:1031)
org.apache.maven.surefire.testng.TestNGExecutor.run(TestNGExecutor.java:136)
org.apache.maven.surefire.testng.TestNGDirectoryTestSuite.executeMulti(TestNGDirectoryTestSuite.java:193)
org.apache.maven.surefire.testng.TestNGDirectoryTestSuite.execute(TestNGDirectoryTestSuite.java:94)
org.apache.maven.surefire.testng.TestNGProvider.invoke(TestNGProvider.java:145)
org.apache.maven.surefire.booter.ForkedBooter.runSuitesInProcess(ForkedBooter.java:428)
org.apache.maven.surefire.booter.ForkedBooter.execute(ForkedBooter.java:162)
org.apache.maven.surefire.booter.ForkedBooter.run(ForkedBooter.java:562)
org.apache.maven.surefire.booter.ForkedBooter.main(ForkedBooter.java:548) @08-06-2021 12:02:48.0583 PM
[main] INFO com.shaft.tools.io.ReportManagerHelper - [ReportManager] File Action [createFile] successfully performed. With the following test data [Target Folder: "allure-results//screenshots/20210608-120231", Target File: "\1623146569631_signupTest.gif"]. @08-06-2021 12:02:49.0871 PM
[main] INFO com.shaft.tools.io.ReportManagerHelper - [ReportManager] java.lang.NullPointerException:
Cannot invoke "String.trim()" because the return value of "org.openqa.selenium.WebElement.getAttribute(String)" is null
com.shaft.gui.element.ElementActions.determineSuccessfulTextLocationStrategy(ElementActions.java:1479)
com.shaft.gui.element.ElementActions.click(ElementActions.java:137)
pages.HomePage.navigateToSignUpPage(HomePage.java:29)
tests.SignUpTest.signupTest(SignUpTest.java:37)
java.base/jdk.internal.reflect.NativeMethodAccessorImpl.invoke0(Native Method)
java.base/jdk.internal.reflect.NativeMethodAccessorImpl.invoke(NativeMethodAccessorImpl.java:64)
java.base/jdk.internal.reflect.DelegatingMethodAccessorImpl.invoke(DelegatingMethodAccessorImpl.java:43)
java.base/java.lang.reflect.Method.invoke(Method.java:564)
org.testng.internal.MethodInvocationHelper.invokeMethod(MethodInvocationHelper.java:133)
org.testng.internal.TestInvoker.invokeMethod(TestInvoker.java:598)
org.testng.internal.TestInvoker.invokeTestMethod(TestInvoker.java:173)
org.testng.internal.MethodRunner.runInSequence(MethodRunner.java:46)
org.testng.internal.TestInvoker$MethodInvocationAgent.invoke(TestInvoker.java:824)
org.testng.internal.TestInvoker.invokeTestMethods(TestInvoker.java:146)
org.testng.internal.TestMethodWorker.invokeTestMethods(TestMethodWorker.java:146)
org.testng.internal.TestMethodWorker.run(TestMethodWorker.java:128)
java.base/java.util.ArrayList.forEach(ArrayList.java:1511)
org.testng.TestRunner.privateRun(TestRunner.java:794)
org.testng.TestRunner.run(TestRunner.java:596)
org.testng.SuiteRunner.runTest(SuiteRunner.java:377)
org.testng.SuiteRunner.runSequentially(SuiteRunner.java:371)
org.testng.SuiteRunner.privateRun(SuiteRunner.java:332)
org.testng.SuiteRunner.run(SuiteRunner.java:276)
org.testng.SuiteRunnerWorker.runSuite(SuiteRunnerWorker.java:53)
org.testng.SuiteRunnerWorker.run(SuiteRunnerWorker.java:96)
org.testng.TestNG.runSuitesSequentially(TestNG.java:1212)
org.testng.TestNG.runSuitesLocally(TestNG.java:1134)
org.testng.TestNG.runSuites(TestNG.java:1063)
org.testng.TestNG.run(TestNG.java:1031)
org.apache.maven.surefire.testng.TestNGExecutor.run(TestNGExecutor.java:136)
org.apache.maven.surefire.testng.TestNGDirectoryTestSuite.executeMulti(TestNGDirectoryTestSuite.java:193)
org.apache.maven.surefire.testng.TestNGDirectoryTestSuite.execute(TestNGDirectoryTestSuite.java:94)
org.apache.maven.surefire.testng.TestNGProvider.invoke(TestNGProvider.java:145)
org.apache.maven.surefire.booter.ForkedBooter.runSuitesInProcess(ForkedBooter.java:428)
org.apache.maven.surefire.booter.ForkedBooter.execute(ForkedBooter.java:162)
org.apache.maven.surefire.booter.ForkedBooter.run(ForkedBooter.java:562)
org.apache.maven.surefire.booter.ForkedBooter.main(ForkedBooter.java:548) @08-06-2021 12:02:52.0032 PM
[main] INFO com.automation.remarks.video.recorder.monte.MonteRecorder - Recording finished to C:\Users\Gawish\eclipse-workspace\Shaft_Engine_Practice\allure-results\videos\1623146575080_signupTest_recording_2021_08_06_12_02_55.avi
[main] INFO com.automation.remarks.video.RecordingUtils - No jenkinsUrl variable found.
[main] INFO com.automation.remarks.video.RecordingUtils - Video recording: C:\Users\Gawish\eclipse-workspace\Shaft_Engine_Practice\allure-results\videos\1623146575080_signupTest_recording_2021_08_06_12_02_55.avi
[main] INFO ws.schild.jave.ConversionOutputAnalyzer - Unhandled message in step: 2 Line: 7 message: <[libx264 @ 000002a4f9b3e7c0] using cpu capabilities: MMX2 SSE2Fast SSSE3 SSE4.2 AVX FMA3 BMI2 AVX2 AVX512>
[main] INFO ws.schild.jave.ConversionOutputAnalyzer - Unhandled message in step: 2 Line: 8 message: <[libx264 @ 000002a4f9b3e7c0] profile High 4:4:4 Predictive, level 4.0, 4:4:4, 8-bit>
[main] INFO ws.schild.jave.ConversionOutputAnalyzer - Unhandled message in step: 2 Line: 9 message: <[libx264 @ 000002a4f9b3e7c0] 264 - core 159 - H.264/MPEG-4 AVC codec - Copyleft 2003-2019 - http://www.videolan.org/x264.html - options: cabac=1 ref=3 deblock=1:0:0 analyse=0x3:0x113 me=hex subme=7 psy=1 psy_rd=1.00:0.00 mixed_ref=1 me_range=16 chroma_me=1 trellis=1 8x8dct=1 cqm=0 deadzone=21,11 fast_pskip=1 chroma_qp_offset=4 threads=12 lookahead_threads=2 sliced_threads=0 nr=0 decimate=1 interlaced=0 bluray_compat=0 constrained_intra=0 bframes=3 b_pyramid=2 b_adapt=1 b_bias=0 direct=1 weightb=1 open_gop=0 weightp=2 keyint=250 keyint_min=25 scenecut=40 intra_refresh=0 rc_lookahead=40 rc=crf mbtree=1 crf=23.0 qcomp=0.60 qpmin=0 qpmax=69 qpstep=4 ip_ratio=1.40 aq=1:1.00>
[main] INFO ws.schild.jave.ConversionOutputAnalyzer - Unhandled message in step: 3 Line: 25 message: <[mp4 @ 000002a4f9b4e640] Starting second pass: moving the moov atom to the beginning of the file>
[main] INFO com.shaft.tools.io.ReportManagerHelper - [ReportManager] Element Action [switchToDefaultContent] successfully performed. @08-06-2021 12:03:00.0740 PM
]]></system-err>
  </testcase>
  <testcase name="newTest" classname="tests.TestCase" time="18.543">
    <failure message="Cannot invoke &quot;String.trim()&quot; because the return value of &quot;org.openqa.selenium.WebElement.getAttribute(String)&quot; is null" type="java.lang.NullPointerException"><![CDATA[java.lang.NullPointerException: Cannot invoke "String.trim()" because the return value of "org.openqa.selenium.WebElement.getAttribute(String)" is null
	at tests.TestCase.newTest(TestCase.java:24)
]]></failure>
    <system-out><![CDATA[
################################################################################################################################################
Starting Execution:	[2 out of 2] test cases in the current suite
Test Method:		[tests.TestCase.newTest]
################################################################################################################################################
[ReportManager] Attempting to run locally on: [Windows-64], [GoogleChrome]. @08-06-2021 12:03:00.0900 PM
[ReportManager] Identifying OS/Driver combination and selecting the correct driver version automatically. Please note that if a new driver executable will be downloaded it may take some time... @08-06-2021 12:03:00.0901 PM
[ReportManager] Successfully Opened Google Chrome. @08-06-2021 12:03:02.0056 PM
[ReportManager] Browser Action [navigateToURL] successfully performed. With the following test data [https://phptravels.net/home]. @08-06-2021 12:03:09.0027 PM
[ReportManager] Element Action [click] successfully performed. @08-06-2021 12:03:11.0691 PM
[ReportManager] Element Action [click] successfully performed. @08-06-2021 12:03:14.0115 PM
[ReportManager] Successfully created attachment [Video Recording - newTest] @08-06-2021 12:03:19.0238 PM
[ReportManager] Successfully created attachment [Animated Gif - newTest] @08-06-2021 12:03:19.0241 PM
[ReportManager] Successfully created attachment [SHAFT Engine Logs - Current Method log: newTest] @08-06-2021 12:03:19.0243 PM
]]></system-out>
    <system-err><![CDATA[[main] INFO com.shaft.tools.io.ReportManagerHelper - [ReportManager] File Action [getAbsolutePath] successfully performed. With the following test data [Relative Folder Path: "target/downloadedFiles/"]. @08-06-2021 12:03:00.0899 PM
[main] INFO io.github.bonigarcia.wdm.WebDriverManager - Using chromedriver 91.0.4472.19 (resolved driver for Chrome 91)
[main] INFO io.github.bonigarcia.wdm.WebDriverManager - Exporting webdriver.chrome.driver as C:\Users\Gawish\.cache\selenium\chromedriver\win32\91.0.4472.19\chromedriver.exe
Starting ChromeDriver 91.0.4472.19 (1bf021f248676a0b2ab3ee0561d83a59e424c23e-refs/branch-heads/4472@{#288}) on port 2707
Only local connections are allowed.
Please see https://chromedriver.chromium.org/security-considerations for suggestions on keeping ChromeDriver safe.
ChromeDriver was started successfully.
[1623146581.484][WARNING]: Ignoring unrecognized log type: client
[1623146581.485][WARNING]: Ignoring unrecognized log type: profiler
[1623146581.485][WARNING]: Ignoring unrecognized log type: server
Jun 08, 2021 12:03:02 PM org.openqa.selenium.remote.ProtocolHandshake createSession
INFO: Detected dialect: OSS
[main] INFO com.shaft.tools.io.ReportManagerHelper - [ReportManager] Target URL: [https://phptravels.net/home] @08-06-2021 12:03:02.0064 PM
[main] INFO com.shaft.tools.io.ReportManagerHelper - [ReportManager] Initial URL: [data:,] @08-06-2021 12:03:02.0111 PM
[main] INFO com.automation.remarks.video.recorder.monte.MonteRecorder - Recording started
[main] INFO com.shaft.tools.io.ReportManagerHelper - [ReportManager] File Action [createFile] successfully performed. With the following test data [Target Folder: "allure-results//screenshots/20210608-120231", Target File: "\1623146588508_newTest.gif"]. @08-06-2021 12:03:08.0677 PM
[main] INFO com.shaft.tools.io.ReportManagerHelper - [ReportManager] java.lang.NullPointerException:
Cannot invoke "String.trim()" because the return value of "org.openqa.selenium.WebElement.getAttribute(String)" is null
com.shaft.gui.element.ElementActions.determineSuccessfulTextLocationStrategy(ElementActions.java:1479)
com.shaft.gui.element.ElementActions.click(ElementActions.java:137)
tests.TestCase.newTest(TestCase.java:21)
java.base/jdk.internal.reflect.NativeMethodAccessorImpl.invoke0(Native Method)
java.base/jdk.internal.reflect.NativeMethodAccessorImpl.invoke(NativeMethodAccessorImpl.java:64)
java.base/jdk.internal.reflect.DelegatingMethodAccessorImpl.invoke(DelegatingMethodAccessorImpl.java:43)
java.base/java.lang.reflect.Method.invoke(Method.java:564)
org.testng.internal.MethodInvocationHelper.invokeMethod(MethodInvocationHelper.java:133)
org.testng.internal.TestInvoker.invokeMethod(TestInvoker.java:598)
org.testng.internal.TestInvoker.invokeTestMethod(TestInvoker.java:173)
org.testng.internal.MethodRunner.runInSequence(MethodRunner.java:46)
org.testng.internal.TestInvoker$MethodInvocationAgent.invoke(TestInvoker.java:824)
org.testng.internal.TestInvoker.invokeTestMethods(TestInvoker.java:146)
org.testng.internal.TestMethodWorker.invokeTestMethods(TestMethodWorker.java:146)
org.testng.internal.TestMethodWorker.run(TestMethodWorker.java:128)
java.base/java.util.ArrayList.forEach(ArrayList.java:1511)
org.testng.TestRunner.privateRun(TestRunner.java:794)
org.testng.TestRunner.run(TestRunner.java:596)
org.testng.SuiteRunner.runTest(SuiteRunner.java:377)
org.testng.SuiteRunner.runSequentially(SuiteRunner.java:371)
org.testng.SuiteRunner.privateRun(SuiteRunner.java:332)
org.testng.SuiteRunner.run(SuiteRunner.java:276)
org.testng.SuiteRunnerWorker.runSuite(SuiteRunnerWorker.java:53)
org.testng.SuiteRunnerWorker.run(SuiteRunnerWorker.java:96)
org.testng.TestNG.runSuitesSequentially(TestNG.java:1212)
org.testng.TestNG.runSuitesLocally(TestNG.java:1134)
org.testng.TestNG.runSuites(TestNG.java:1063)
org.testng.TestNG.run(TestNG.java:1031)
org.apache.maven.surefire.testng.TestNGExecutor.run(TestNGExecutor.java:136)
org.apache.maven.surefire.testng.TestNGDirectoryTestSuite.executeMulti(TestNGDirectoryTestSuite.java:193)
org.apache.maven.surefire.testng.TestNGDirectoryTestSuite.execute(TestNGDirectoryTestSuite.java:94)
org.apache.maven.surefire.testng.TestNGProvider.invoke(TestNGProvider.java:145)
org.apache.maven.surefire.booter.ForkedBooter.runSuitesInProcess(ForkedBooter.java:428)
org.apache.maven.surefire.booter.ForkedBooter.execute(ForkedBooter.java:162)
org.apache.maven.surefire.booter.ForkedBooter.run(ForkedBooter.java:562)
org.apache.maven.surefire.booter.ForkedBooter.main(ForkedBooter.java:548) @08-06-2021 12:03:09.0188 PM
[main] INFO com.shaft.tools.io.ReportManagerHelper - [ReportManager] java.lang.NullPointerException:
Cannot invoke "String.trim()" because the return value of "org.openqa.selenium.WebElement.getAttribute(String)" is null
com.shaft.gui.element.ElementActions.determineSuccessfulTextLocationStrategy(ElementActions.java:1479)
com.shaft.gui.element.ElementActions.click(ElementActions.java:137)
tests.TestCase.newTest(TestCase.java:22)
java.base/jdk.internal.reflect.NativeMethodAccessorImpl.invoke0(Native Method)
java.base/jdk.internal.reflect.NativeMethodAccessorImpl.invoke(NativeMethodAccessorImpl.java:64)
java.base/jdk.internal.reflect.DelegatingMethodAccessorImpl.invoke(DelegatingMethodAccessorImpl.java:43)
java.base/java.lang.reflect.Method.invoke(Method.java:564)
org.testng.internal.MethodInvocationHelper.invokeMethod(MethodInvocationHelper.java:133)
org.testng.internal.TestInvoker.invokeMethod(TestInvoker.java:598)
org.testng.internal.TestInvoker.invokeTestMethod(TestInvoker.java:173)
org.testng.internal.MethodRunner.runInSequence(MethodRunner.java:46)
org.testng.internal.TestInvoker$MethodInvocationAgent.invoke(TestInvoker.java:824)
org.testng.internal.TestInvoker.invokeTestMethods(TestInvoker.java:146)
org.testng.internal.TestMethodWorker.invokeTestMethods(TestMethodWorker.java:146)
org.testng.internal.TestMethodWorker.run(TestMethodWorker.java:128)
java.base/java.util.ArrayList.forEach(ArrayList.java:1511)
org.testng.TestRunner.privateRun(TestRunner.java:794)
org.testng.TestRunner.run(TestRunner.java:596)
org.testng.SuiteRunner.runTest(SuiteRunner.java:377)
org.testng.SuiteRunner.runSequentially(SuiteRunner.java:371)
org.testng.SuiteRunner.privateRun(SuiteRunner.java:332)
org.testng.SuiteRunner.run(SuiteRunner.java:276)
org.testng.SuiteRunnerWorker.runSuite(SuiteRunnerWorker.java:53)
org.testng.SuiteRunnerWorker.run(SuiteRunnerWorker.java:96)
org.testng.TestNG.runSuitesSequentially(TestNG.java:1212)
org.testng.TestNG.runSuitesLocally(TestNG.java:1134)
org.testng.TestNG.runSuites(TestNG.java:1063)
org.testng.TestNG.run(TestNG.java:1031)
org.apache.maven.surefire.testng.TestNGExecutor.run(TestNGExecutor.java:136)
org.apache.maven.surefire.testng.TestNGDirectoryTestSuite.executeMulti(TestNGDirectoryTestSuite.java:193)
org.apache.maven.surefire.testng.TestNGDirectoryTestSuite.execute(TestNGDirectoryTestSuite.java:94)
org.apache.maven.surefire.testng.TestNGProvider.invoke(TestNGProvider.java:145)
org.apache.maven.surefire.booter.ForkedBooter.runSuitesInProcess(ForkedBooter.java:428)
org.apache.maven.surefire.booter.ForkedBooter.execute(ForkedBooter.java:162)
org.apache.maven.surefire.booter.ForkedBooter.run(ForkedBooter.java:562)
org.apache.maven.surefire.booter.ForkedBooter.main(ForkedBooter.java:548) @08-06-2021 12:03:11.0909 PM
[main] INFO com.automation.remarks.video.recorder.monte.MonteRecorder - Recording finished to C:\Users\Gawish\eclipse-workspace\Shaft_Engine_Practice\allure-results\videos\1623146594266_newTest_recording_2021_08_06_12_03_14.avi
[main] INFO com.automation.remarks.video.RecordingUtils - No jenkinsUrl variable found.
[main] INFO com.automation.remarks.video.RecordingUtils - Video recording: C:\Users\Gawish\eclipse-workspace\Shaft_Engine_Practice\allure-results\videos\1623146594266_newTest_recording_2021_08_06_12_03_14.avi
[main] INFO ws.schild.jave.ConversionOutputAnalyzer - Unhandled message in step: 2 Line: 7 message: <[libx264 @ 000002a9b450eb00] using cpu capabilities: MMX2 SSE2Fast SSSE3 SSE4.2 AVX FMA3 BMI2 AVX2 AVX512>
[main] INFO ws.schild.jave.ConversionOutputAnalyzer - Unhandled message in step: 2 Line: 8 message: <[libx264 @ 000002a9b450eb00] profile High 4:4:4 Predictive, level 4.0, 4:4:4, 8-bit>
[main] INFO ws.schild.jave.ConversionOutputAnalyzer - Unhandled message in step: 2 Line: 9 message: <[libx264 @ 000002a9b450eb00] 264 - core 159 - H.264/MPEG-4 AVC codec - Copyleft 2003-2019 - http://www.videolan.org/x264.html - options: cabac=1 ref=3 deblock=1:0:0 analyse=0x3:0x113 me=hex subme=7 psy=1 psy_rd=1.00:0.00 mixed_ref=1 me_range=16 chroma_me=1 trellis=1 8x8dct=1 cqm=0 deadzone=21,11 fast_pskip=1 chroma_qp_offset=4 threads=12 lookahead_threads=2 sliced_threads=0 nr=0 decimate=1 interlaced=0 bluray_compat=0 constrained_intra=0 bframes=3 b_pyramid=2 b_adapt=1 b_bias=0 direct=1 weightb=1 open_gop=0 weightp=2 keyint=250 keyint_min=25 scenecut=40 intra_refresh=0 rc_lookahead=40 rc=crf mbtree=1 crf=23.0 qcomp=0.60 qpmin=0 qpmax=69 qpstep=4 ip_ratio=1.40 aq=1:1.00>
[main] INFO ws.schild.jave.ConversionOutputAnalyzer - Unhandled message in step: 3 Line: 23 message: <[mp4 @ 000002a9b451e740] Starting second pass: moving the moov atom to the beginning of the file>
[main] INFO com.shaft.tools.io.ReportManagerHelper - [ReportManager] Element Action [switchToDefaultContent] successfully performed. @08-06-2021 12:03:19.0248 PM
]]></system-err>
  </testcase>
</testsuite>